<?xml version="1.0" encoding="UTF-8"?>
<testsuite xmlns:xsi="http://www.w3.org/2001/XMLSchema-instance" xsi:noNamespaceSchemaLocation="https://maven.apache.org/surefire/maven-surefire-plugin/xsd/surefire-test-report.xsd" version="3.0.2" name="com.example.futuresbot.execution.PositionLifecycleManagerTest" time="0.027" tests="4" errors="0" skipped="0" failures="0">
  <properties>
[...]
</properties>
  <testcase name="ignoresOppositeSignalWhenPolicyIsIgnore" classname="com.example.futuresbot.execution.PositionLifecycleManagerTest" time="0.009"/>
  <testcase name="proceedsWhenFlat" classname="com.example.futuresbot.execution.PositionLifecycleManagerTest" time="0.003"/>
  <testcase name="flattensOppositeSignalWhenPolicySaysSo" classname="com.example.futuresbot.execution.PositionLifecycleManagerTest" time="0.002"/>
  <testcase name="ignoresWhenSameSidePositionExists" classname="com.example.futuresbot.execution.PositionLifecycleManagerTest" time="0.003"/>
</testsuite>